<?xml version="1.0" encoding="UTF-8"?>
<!-- Generated by org.testng.reporters.JUnitXMLReporter -->
<testsuite ignored="0" hostname="DESKTOP-Q1G3G75" failures="1" tests="8" name="Chrome Test" time="280.116" errors="0" timestamp="2025-02-11T22:38:23 GMT+05:00">
  <testcase classname="com.ebay.tests.functional.AddToCartTest" name="testAddToCart" time="30.805"/>
  <testcase classname="com.ebay.tests.functional.GiftCardTest" name="testAddToCart" time="23.098"/>
  <testcase classname="com.ebay.tests.usability.RecipientNameErrorTextVisibility" name="testAddToCart" time="17.365"/>
  <testcase classname="com.ebay.tests.usability.IncorrectAddressErrorVisibility" name="testAddToCart" time="35.89"/>
  <testcase classname="com.ebay.tests.boundary.CustomAmountMinimumTest" name="testAddToCart" time="17.693"/>
  <testcase classname="com.ebay.tests.boundary.CustomAmountMaximumTest" name="testAddToCart" time="16.932">
    <failure type="java.lang.AssertionError" message="Element is NOT visible! expected [true] but found [false]">
      <![CDATA[java.lang.AssertionError: Element is NOT visible! expected [true] but found [false]
at com.ebay.tests.boundary.CustomAmountMaximumTest.testAddToCart(CustomAmountMaximumTest.java:36)
at java.base/java.util.ArrayList.forEach(ArrayList.java:1597)
... Removed 32 stack frames]]>
    </failure>
  </testcase> <!-- testAddToCart -->
  <testcase classname="com.ebay.tests.regression.RemovalFromCartTest" name="testAddToCart" time="33.778"/>
  <testcase classname="com.ebay.tests.regression.CheckOutTest" name="testAddToCart" time="38.393"/>
</testsuite> <!-- Chrome Test -->
