<?xml version="1.0" encoding="UTF-8"?>
<!-- Generated by org.testng.reporters.JUnitXMLReporter -->
<testsuite ignored="0" hostname="DESKTOP-Q1G3G75" failures="1" tests="8" name="Edge Test" time="324.252" errors="0" timestamp="2025-02-11T22:49:27 GMT+05:00">
  <testcase classname="com.ebay.tests.functional.AddToCartTest" name="testAddToCart" time="30.249"/>
  <testcase classname="com.ebay.tests.functional.GiftCardTest" name="testAddToCart" time="25.639"/>
  <testcase classname="com.ebay.tests.usability.RecipientNameErrorTextVisibility" name="testAddToCart" time="17.77"/>
  <testcase classname="com.ebay.tests.usability.IncorrectAddressErrorVisibility" name="testAddToCart" time="39.005"/>
  <testcase classname="com.ebay.tests.boundary.CustomAmountMinimumTest" name="testAddToCart" time="18.752"/>
  <testcase classname="com.ebay.tests.boundary.CustomAmountMaximumTest" name="testAddToCart" time="18.116">
    <failure type="java.lang.AssertionError" message="Element is NOT visible! expected [true] but found [false]">
      <![CDATA[java.lang.AssertionError: Element is NOT visible! expected [true] but found [false]
at com.ebay.tests.boundary.CustomAmountMaximumTest.testAddToCart(CustomAmountMaximumTest.java:36)
at java.base/java.util.ArrayList.forEach(ArrayList.java:1597)
... Removed 32 stack frames]]>
    </failure>
  </testcase> <!-- testAddToCart -->
  <testcase classname="com.ebay.tests.regression.RemovalFromCartTest" name="testAddToCart" time="34.6"/>
  <testcase classname="com.ebay.tests.regression.CheckOutTest" name="testAddToCart" time="38.871"/>
</testsuite> <!-- Edge Test -->
