<?xml version="1.0" encoding="UTF-8"?>
<!-- Generated by org.testng.reporters.JUnitXMLReporter -->
<testsuite ignored="0" hostname="DESKTOP-Q1G3G75" failures="2" tests="8" name="Firefox Test" time="339.289" errors="0" timestamp="2025-02-11T22:44:03 GMT+05:00">
  <testcase classname="com.ebay.tests.functional.AddToCartTest" name="testAddToCart" time="29.245"/>
  <testcase classname="com.ebay.tests.functional.GiftCardTest" name="testAddToCart" time="24.557">
    <failure type="org.openqa.selenium.NoSuchElementException" message="Unable to locate element: /html/body/div[1]/div/div/div[3]/div/div[2]/h2
For documentation on this error, please visit: https://www.selenium.dev/documentation/webdriver/troubleshooting/errors#no-such-element-exception
Build info: version: &amp;apos;4.28.1&amp;apos;, revision: &amp;apos;73f5ad48a2&amp;apos;
System info: os.name: &amp;apos;Windows 10&amp;apos;, os.arch: &amp;apos;amd64&amp;apos;, os.version: &amp;apos;10.0&amp;apos;, java.version: &amp;apos;23.0.1&amp;apos;
Driver info: org.openqa.selenium.remote.RemoteWebDriver
Command: [c4a389d923684c5595b25fed72cdcbd4, findElement {value=/html/body/div[1]/div/div/div[3]/div/div[2]/h2, using=xpath}]
Capabilities {acceptInsecureCerts: true, browserName: firefox, browserVersion: 135.0, moz:accessibilityChecks: false, moz:buildID: 20250130195129, moz:debuggerAddress: 127.0.0.1:8288, moz:firefoxOptions: {prefs: {remote.active-protocols: 3}, profile: UEsDBBQAAAAIALGMS1r6Qgy8eho...}, moz:geckodriverVersion: 0.35.0, moz:headless: false, moz:platformVersion: 10.0, moz:processID: 2572, moz:profile: C:\Users\sauce\AppData\Loca..., moz:shutdownTimeout: 60000, moz:webdriverClick: true, moz:windowless: false, pageLoadStrategy: normal, platformName: Windows 11, proxy: Proxy(), se:bidiEnabled: false, se:cdpEnabled: false, selenium:webdriver.remote.quietExceptions: false, setWindowRect: true, strictFileInteractability: false, timeouts: {implicit: 0, pageLoad: 300000, script: 30000}, unhandledPromptBehavior: dismiss and notify, userAgent: Mozilla/5.0 (Windows NT 10....}
Session ID: c4a389d923684c5595b25fed72cdcbd4">
      <![CDATA[org.openqa.selenium.NoSuchElementException: Unable to locate element: /html/body/div[1]/div/div/div[3]/div/div[2]/h2
For documentation on this error, please visit: https://www.selenium.dev/documentation/webdriver/troubleshooting/errors#no-such-element-exception
Build info: version: '4.28.1', revision: '73f5ad48a2'
System info: os.name: 'Windows 10', os.arch: 'amd64', os.version: '10.0', java.version: '23.0.1'
Driver info: org.openqa.selenium.remote.RemoteWebDriver
Command: [c4a389d923684c5595b25fed72cdcbd4, findElement {value=/html/body/div[1]/div/div/div[3]/div/div[2]/h2, using=xpath}]
Capabilities {acceptInsecureCerts: true, browserName: firefox, browserVersion: 135.0, moz:accessibilityChecks: false, moz:buildID: 20250130195129, moz:debuggerAddress: 127.0.0.1:8288, moz:firefoxOptions: {prefs: {remote.active-protocols: 3}, profile: UEsDBBQAAAAIALGMS1r6Qgy8eho...}, moz:geckodriverVersion: 0.35.0, moz:headless: false, moz:platformVersion: 10.0, moz:processID: 2572, moz:profile: C:\Users\sauce\AppData\Loca..., moz:shutdownTimeout: 60000, moz:webdriverClick: true, moz:windowless: false, pageLoadStrategy: normal, platformName: Windows 11, proxy: Proxy(), se:bidiEnabled: false, se:cdpEnabled: false, selenium:webdriver.remote.quietExceptions: false, setWindowRect: true, strictFileInteractability: false, timeouts: {implicit: 0, pageLoad: 300000, script: 30000}, unhandledPromptBehavior: dismiss and notify, userAgent: Mozilla/5.0 (Windows NT 10....}
Session ID: c4a389d923684c5595b25fed72cdcbd4
at org.openqa.selenium.remote.ErrorCodec.decode(ErrorCodec.java:167)
at org.openqa.selenium.remote.codec.w3c.W3CHttpResponseCodec.decode(W3CHttpResponseCodec.java:138)
at org.openqa.selenium.remote.codec.w3c.W3CHttpResponseCodec.decode(W3CHttpResponseCodec.java:50)
at org.openqa.selenium.remote.HttpCommandExecutor.execute(HttpCommandExecutor.java:215)
at org.openqa.selenium.remote.TracedCommandExecutor.execute(TracedCommandExecutor.java:53)
at org.openqa.selenium.remote.RemoteWebDriver.execute(RemoteWebDriver.java:545)
at org.openqa.selenium.remote.ElementLocation$ElementFinder$2.findElement(ElementLocation.java:165)
at org.openqa.selenium.remote.ElementLocation.findElement(ElementLocation.java:59)
at org.openqa.selenium.remote.RemoteWebDriver.findElement(RemoteWebDriver.java:368)
at org.openqa.selenium.remote.RemoteWebDriver.findElement(RemoteWebDriver.java:362)
at com.ebay.tests.functional.GiftCardTest.testAddToCart(GiftCardTest.java:40)
at java.base/java.util.ArrayList.forEach(ArrayList.java:1597)
... Removed 32 stack frames]]>
    </failure>
  </testcase> <!-- testAddToCart -->
  <testcase classname="com.ebay.tests.usability.RecipientNameErrorTextVisibility" name="testAddToCart" time="17.71"/>
  <testcase classname="com.ebay.tests.usability.IncorrectAddressErrorVisibility" name="testAddToCart" time="39.385"/>
  <testcase classname="com.ebay.tests.boundary.CustomAmountMinimumTest" name="testAddToCart" time="17.359"/>
  <testcase classname="com.ebay.tests.boundary.CustomAmountMaximumTest" name="testAddToCart" time="18.539">
    <failure type="java.lang.AssertionError" message="Element is NOT visible! expected [true] but found [false]">
      <![CDATA[java.lang.AssertionError: Element is NOT visible! expected [true] but found [false]
at com.ebay.tests.boundary.CustomAmountMaximumTest.testAddToCart(CustomAmountMaximumTest.java:36)
at java.base/java.util.ArrayList.forEach(ArrayList.java:1597)
... Removed 32 stack frames]]>
    </failure>
  </testcase> <!-- testAddToCart -->
  <testcase classname="com.ebay.tests.regression.RemovalFromCartTest" name="testAddToCart" time="31.676"/>
  <testcase classname="com.ebay.tests.regression.CheckOutTest" name="testAddToCart" time="35.867"/>
</testsuite> <!-- Firefox Test -->
